<?xml version="1.0" encoding="UTF-8"?>
<testsuite name="LibraryTest" tests="1" skipped="0" failures="0" errors="0" timestamp="2020-06-13T08:21:28" hostname="DESKTOP-1UMJ05V" time="0.011">
  <properties/>
  <testcase name="testSomeLibraryMethod" classname="LibraryTest" time="0.011"/>
  <system-out><![CDATA[]]></system-out>
  <system-err><![CDATA[]]></system-err>
</testsuite>
