<?xml version="1.0" encoding="UTF-8"?>
<testsuite name="NumberTest" tests="7" skipped="0" failures="0" errors="0" timestamp="2020-06-11T07:18:50" hostname="DESKTOP-1UMJ05V" time="0.009">
  <properties/>
  <testcase name="testNumberInt" classname="NumberTest" time="0.004"/>
  <testcase name="testGetValue" classname="NumberTest" time="0.0"/>
  <testcase name="testAdd" classname="NumberTest" time="0.0"/>
  <testcase name="testMinus" classname="NumberTest" time="0.001"/>
  <testcase name="testDivide" classname="NumberTest" time="0.0"/>
  <testcase name="testMultiply" classname="NumberTest" time="0.0"/>
  <testcase name="testNumber" classname="NumberTest" time="0.0"/>
  <system-out><![CDATA[]]></system-out>
  <system-err><![CDATA[]]></system-err>
</testsuite>
